<?xml version="1.0" encoding="UTF-8"?>
<testsuite name="com.homedepot.bootcamp.dockdoors.DockDoorsApplicationTests" tests="1" skipped="0" failures="0" errors="0" timestamp="2018-05-07T13:49:02" hostname="D25RT1DWGQ17IM" time="0.056">
  <properties/>
  <testcase name="contextLoads" classname="com.homedepot.bootcamp.dockdoors.DockDoorsApplicationTests" time="0.056"/>
  <system-out><![CDATA[09:48:58.730 [Test worker] DEBUG org.springframework.test.context.junit4.SpringJUnit4ClassRunner - SpringJUnit4ClassRunner constructor called with [class com.homedepot.bootcamp.dockdoors.DockDoorsApplicationTests]
09:48:58.740 [Test worker] DEBUG org.springframework.test.context.BootstrapUtils - Instantiating CacheAwareContextLoaderDelegate from class [org.springframework.test.context.cache.DefaultCacheAwareContextLoaderDelegate]
09:48:58.751 [Test worker] DEBUG org.springframework.test.context.BootstrapUtils - Instantiating BootstrapContext using constructor [public org.springframework.test.context.support.DefaultBootstrapContext(java.lang.Class,org.springframework.test.context.CacheAwareContextLoaderDelegate)]
09:48:58.776 [Test worker] DEBUG org.springframework.test.context.BootstrapUtils - Instantiating TestContextBootstrapper for test class [com.homedepot.bootcamp.dockdoors.DockDoorsApplicationTests] from class [org.springframework.boot.test.context.SpringBootTestContextBootstrapper]
09:48:58.792 [Test worker] INFO org.springframework.boot.test.context.SpringBootTestContextBootstrapper - Neither @ContextConfiguration nor @ContextHierarchy found for test class [com.homedepot.bootcamp.dockdoors.DockDoorsApplicationTests], using SpringBootContextLoader
09:48:58.796 [Test worker] DEBUG org.springframework.test.context.support.AbstractContextLoader - Did not detect default resource location for test class [com.homedepot.bootcamp.dockdoors.DockDoorsApplicationTests]: class path resource [com/homedepot/bootcamp/dockdoors/DockDoorsApplicationTests-context.xml] does not exist
09:48:58.797 [Test worker] DEBUG org.springframework.test.context.support.AbstractContextLoader - Did not detect default resource location for test class [com.homedepot.bootcamp.dockdoors.DockDoorsApplicationTests]: class path resource [com/homedepot/bootcamp/dockdoors/DockDoorsApplicationTestsContext.groovy] does not exist
09:48:58.797 [Test worker] INFO org.springframework.test.context.support.AbstractContextLoader - Could not detect default resource locations for test class [com.homedepot.bootcamp.dockdoors.DockDoorsApplicationTests]: no resource found for suffixes {-context.xml, Context.groovy}.
09:48:58.798 [Test worker] INFO org.springframework.test.context.support.AnnotationConfigContextLoaderUtils - Could not detect default configuration classes for test class [com.homedepot.bootcamp.dockdoors.DockDoorsApplicationTests]: DockDoorsApplicationTests does not declare any static, non-private, non-final, nested classes annotated with @Configuration.
09:48:58.853 [Test worker] DEBUG org.springframework.test.context.support.ActiveProfilesUtils - Could not find an 'annotation declaring class' for annotation type [org.springframework.test.context.ActiveProfiles] and class [com.homedepot.bootcamp.dockdoors.DockDoorsApplicationTests]
09:48:58.869 [Test worker] DEBUG org.springframework.core.env.StandardEnvironment - Adding PropertySource 'systemProperties' with lowest search precedence
09:48:58.870 [Test worker] DEBUG org.springframework.core.env.StandardEnvironment - Adding PropertySource 'systemEnvironment' with lowest search precedence
09:48:58.870 [Test worker] DEBUG org.springframework.core.env.StandardEnvironment - Initialized StandardEnvironment with PropertySources [MapPropertySource@1225346552 {name='systemProperties', properties={gopherProxySet=false, awt.toolkit=sun.lwawt.macosx.LWCToolkit, java.specification.version=9, file.encoding.pkg=sun.io, sun.cpu.isalist=, sun.jnu.encoding=UTF-8, org.gradle.test.worker=3, java.class.path=/Users/thduser/.gradle/caches/4.4.1/workerMain/gradle-worker.jar:/Users/thduser/ramworkspace/dock-doors/build/classes/java/test:/Users/thduser/ramworkspace/dock-doors/build/resources/test:/Users/thduser/ramworkspace/dock-doors/build/classes/java/main:/Users/thduser/ramworkspace/dock-doors/build/resources/main:/Users/thduser/.gradle/caches/modules-2/files-2.1/org.springframework.boot/spring-boot-starter-web/2.0.1.RELEASE/88751ed76791d12425ce5a80476baf1749a44cf4/spring-boot-starter-web-2.0.1.RELEASE.jar:/Users/thduser/.gradle/caches/modules-2/files-2.1/com.google.cloud/google-cloud-spanner/0.35.0-beta/fab7085bd905ce223519ab2bc62ede32e242fd57/google-cloud-spanner-0.35.0-beta.jar:/Users/thduser/.gradle/caches/modules-2/files-2.1/org.springframework.boot/spring-boot-starter-test/2.0.1.RELEASE/d6204ede44fa7e1df01d25509837bfa4b767fa28/spring-boot-starter-test-2.0.1.RELEASE.jar:/Users/thduser/.gradle/caches/modules-2/files-2.1/org.springframework.boot/spring-boot-starter-json/2.0.1.RELEASE/f2e1aeeb1ac02bfa1b4f7254633484af1866fc65/spring-boot-starter-json-2.0.1.RELEASE.jar:/Users/thduser/.gradle/caches/modules-2/files-2.1/org.springframework.boot/spring-boot-starter/2.0.1.RELEASE/33abc1286b0aabea4f08ff4285d09e587835a716/spring-boot-starter-2.0.1.RELEASE.jar:/Users/thduser/.gradle/caches/modules-2/files-2.1/org.springframework.boot/spring-boot-starter-tomcat/2.0.1.RELEASE/4b46f4aaff6c8a5a1c8184996d5e9e8a9354db8d/spring-boot-starter-tomcat-2.0.1.RELEASE.jar:/Users/thduser/.gradle/caches/modules-2/files-2.1/org.hibernate.validator/hibernate-validator/6.0.9.Final/b149e4cce82379f11f6129eb3187ca8ae5404005/hibernate-validator-6.0.9.Final.jar:/Users/thduser/.gradle/caches/modules-2/files-2.1/org.springframework/spring-webmvc/5.0.5.RELEASE/a7fd53c7ad06b0fa7dd4ff347de1b2dc508739e/spring-webmvc-5.0.5.RELEASE.jar:/Users/thduser/.gradle/caches/modules-2/files-2.1/org.springframework/spring-web/5.0.5.RELEASE/d51dbb5cabe72ae02e400577bac48f7fc94088de/spring-web-5.0.5.RELEASE.jar:/Users/thduser/.gradle/caches/modules-2/files-2.1/com.google.cloud/google-cloud-core-grpc/1.17.0/900773fdf69901609c851cb75f2e7489bcaa8024/google-cloud-core-grpc-1.17.0.jar:/Users/thduser/.gradle/caches/modules-2/files-2.1/com.google.cloud/google-cloud-core/1.17.0/6625dd0ad0b72d170df79a791009936cdc950932/google-cloud-core-1.17.0.jar:/Users/thduser/.gradle/caches/modules-2/files-2.1/com.google.api/gax-grpc/1.19.0/e997d1a6a16f94a853ffa391f83249d38a8e1252/gax-grpc-1.19.0.jar:/Users/thduser/.gradle/caches/modules-2/files-2.1/com.google.api.grpc/grpc-google-cloud-spanner-v1/0.1.30/ce35a8a5e55292caec53a77d51394340d2961009/grpc-google-cloud-spanner-v1-0.1.30.jar:/Users/thduser/.gradle/caches/modules-2/files-2.1/com.google.api.grpc/proto-google-cloud-spanner-v1/0.1.30/7a24d44c93b68cb3939934c8afe11111fc72fd94/proto-google-cloud-spanner-v1-0.1.30.jar:/Users/thduser/.gradle/caches/modules-2/files-2.1/com.google.api.grpc/grpc-google-cloud-spanner-admin-database-v1/0.1.30/d1cdc2597d1774f7117f571e68fc8a434e794299/grpc-google-cloud-spanner-admin-database-v1-0.1.30.jar:/Users/thduser/.gradle/caches/modules-2/files-2.1/com.google.api.grpc/proto-google-cloud-spanner-admin-database-v1/0.1.30/480b2afad3e976a486c5a0995100d947d611b3b6/proto-google-cloud-spanner-admin-database-v1-0.1.30.jar:/Users/thduser/.gradle/caches/modules-2/files-2.1/com.google.api.grpc/grpc-google-cloud-spanner-admin-instance-v1/0.1.30/226d811fc8252d1e3d315ca6cf210ccbaff00eb3/grpc-google-cloud-spanner-admin-instance-v1-0.1.30.jar:/Users/thduser/.gradle/caches/modules-2/files-2.1/com.google.api.grpc/proto-google-cloud-spanner-admin-instance-v1/0.1.30/89231f97a63df4f4bb6817ab9cd4e2c5300f1af0/proto-google-cloud-spanner-admin-instance-v1-0.1.30.jar:/Users/thduser/.gradle/caches/modules-2/files-2.1/com.google.api.grpc/grpc-google-common-protos/1.0.6/50797576446add44b914a8bacc25d55731f5ef00/grpc-google-common-protos-1.0.6.jar:/Users/thduser/.gradle/caches/modules-2/files-2.1/io.grpc/grpc-netty-shaded/1.9.0/3df38262d0a73a890487c4152caaba7bf41258ff/grpc-netty-shaded-1.9.0.jar:/Users/thduser/.gradle/caches/modules-2/files-2.1/io.grpc/grpc-auth/1.9.0/d2eadc6d28ebee8ec0cef74f882255e4069972ad/grpc-auth-1.9.0.jar:/Users/thduser/.gradle/caches/modules-2/files-2.1/io.grpc/grpc-stub/1.9.0/20e310f888860a27dfa509a69eebb236417ee93f/grpc-stub-1.9.0.jar:/Users/thduser/.gradle/caches/modules-2/files-2.1/io.opencensus/opencensus-contrib-grpc-util/0.11.1/a4b6abcbbcf786f624420429a25aa9c79e13f1c6/opencensus-contrib-grpc-util-0.11.1.jar:/Users/thduser/.gradle/caches/modules-2/files-2.1/com.google.api/gax/1.19.0/e37d293c349d399f0b652f4742273e2868c0bd8f/gax-1.19.0.jar:/Users/thduser/.gradle/caches/modules-2/files-2.1/com.google.api.grpc/proto-google-iam-v1/0.1.30/bdffd65ca889edd1adbf5902a823d30f9c681845/proto-google-iam-v1-0.1.30.jar:/Users/thduser/.gradle/caches/modules-2/files-2.1/com.google.api/api-common/1.2.0/ac251a3623e19c4eb0a7dbb503ca32a0515f9713/api-common-1.2.0.jar:/Users/thduser/.gradle/caches/modules-2/files-2.1/io.grpc/grpc-protobuf/1.9.0/94ca247577e4cf1a38d5ac9d536ac1d426a1ccc5/grpc-protobuf-1.9.0.jar:/Users/thduser/.gradle/caches/modules-2/files-2.1/io.grpc/grpc-protobuf-lite/1.9.0/9dc9c6531ae0b304581adff0e9b7cff21a4073ac/grpc-protobuf-lite-1.9.0.jar:/Users/thduser/.gradle/caches/modules-2/files-2.1/io.grpc/grpc-core/1.9.0/cf76ab13d35e8bd5d0ffad6d82bb1ef1770f050c/grpc-core-1.9.0.jar:/Users/thduser/.gradle/caches/modules-2/files-2.1/com.google.instrumentation/instrumentation-api/0.4.3/41614af3429573dc02645d541638929d877945a2/instrumentation-api-0.4.3.jar:/Users/thduser/.gradle/caches/modules-2/files-2.1/com.google.auth/google-auth-library-oauth2-http/0.9.0/4e6152c3aead24148627e84f5651e79698c00d9/google-auth-library-oauth2-http-0.9.0.jar:/Users/thduser/.gradle/caches/modules-2/files-2.1/com.google.http-client/google-http-client-jackson2/1.19.0/81dbf9795d387d5e80e55346582d5f2fb81a42eb/google-http-client-jackson2-1.19.0.jar:/Users/thduser/.gradle/caches/modules-2/files-2.1/com.google.http-client/google-http-client/1.23.0/8e86c84ff3c98eca6423e97780325b299133d858/google-http-client-1.23.0.jar:/Users/thduser/.gradle/caches/modules-2/files-2.1/io.opencensus/opencensus-contrib-grpc-metrics/0.10.0/e47f918dc577b6316f57a884c500b13a98d3c11b/opencensus-contrib-grpc-metrics-0.10.0.jar:/Users/thduser/.gradle/caches/modules-2/files-2.1/io.opencensus/opencensus-api/0.11.1/54689fbf750a7f26e34fa1f1f96b883c53f51486/opencensus-api-0.11.1.jar:/Users/thduser/.gradle/caches/modules-2/files-2.1/com.google.code.findbugs/jsr305/3.0.1/f7be08ec23c21485b9b5a1cf1654c2ec8c58168d/jsr305-3.0.1.jar:/Users/thduser/.gradle/caches/modules-2/files-2.1/joda-time/joda-time/2.9.9/f7b520c458572890807d143670c9b24f4de90897/joda-time-2.9.9.jar:/Users/thduser/.gradle/caches/modules-2/files-2.1/junit/junit/4.12/2973d150c0dc1fefe998f834810d68f278ea58ec/junit-4.12.jar:/Users/thduser/.gradle/caches/modules-2/files-2.1/org.springframework.boot/spring-boot-test-autoconfigure/2.0.1.RELEASE/c7a68c07f2a04323a67740f91d20818ec2e783b3/spring-boot-test-autoconfigure-2.0.1.RELEASE.jar:/Users/thduser/.gradle/caches/modules-2/files-2.1/org.springframework.boot/spring-boot-test/2.0.1.RELEASE/77cede07b0e9da6c87d0dabcfe3e53ac56747d73/spring-boot-test-2.0.1.RELEASE.jar:/Users/thduser/.gradle/caches/modules-2/files-2.1/com.jayway.jsonpath/json-path/2.4.0/765a4401ceb2dc8d40553c2075eb80a8fa35c2ae/json-path-2.4.0.jar:/Users/thduser/.gradle/caches/modules-2/files-2.1/org.assertj/assertj-core/3.9.1/c5ce126b15f28d56cd8f960c1a6a058b9c9aea87/assertj-core-3.9.1.jar:/Users/thduser/.gradle/caches/modules-2/files-2.1/org.mockito/mockito-core/2.15.0/b84bfbbc29cd22c9529409627af6ea2897f4fa85/mockito-core-2.15.0.jar:/Users/thduser/.gradle/caches/modules-2/files-2.1/org.hamcrest/hamcrest-library/1.3/4785a3c21320980282f9f33d0d1264a69040538f/hamcrest-library-1.3.jar:/Users/thduser/.gradle/caches/modules-2/files-2.1/org.hamcrest/hamcrest-core/1.3/42a25dc3219429f0e5d060061f71acb49bf010a0/hamcrest-core-1.3.jar:/Users/thduser/.gradle/caches/modules-2/files-2.1/org.skyscreamer/jsonassert/1.5.0/6c9d5fe2f59da598d9aefc1cfc6528ff3cf32df3/jsonassert-1.5.0.jar:/Users/thduser/.gradle/caches/modules-2/files-2.1/org.springframework/spring-test/5.0.5.RELEASE/f7e3b83447e54056a91de1294ae6888343648dff/spring-test-5.0.5.RELEASE.jar:/Users/thduser/.gradle/caches/modules-2/files-2.1/org.springframework.boot/spring-boot-autoconfigure/2.0.1.RELEASE/b0bf9d34ed70c6987a86cd58a009065e5fa02545/spring-boot-autoconfigure-2.0.1.RELEASE.jar:/Users/thduser/.gradle/caches/modules-2/files-2.1/org.springframework.boot/spring-boot/2.0.1.RELEASE/b8c5b14cbb0e52fdded8f98a8c1493cc74c7cf59/spring-boot-2.0.1.RELEASE.jar:/Users/thduser/.gradle/caches/modules-2/files-2.1/org.springframework/spring-context/5.0.5.RELEASE/9cca4bf5acb693249a01c218f471c677b951d6e2/spring-context-5.0.5.RELEASE.jar:/Users/thduser/.gradle/caches/modules-2/files-2.1/org.springframework/spring-expression/5.0.5.RELEASE/fc6c7a95aeb7d00f4c65c338b08d97767eb0dd99/spring-expression-5.0.5.RELEASE.jar:/Users/thduser/.gradle/caches/modules-2/files-2.1/org.springframework/spring-aop/5.0.5.RELEASE/b11b61b94d7fb752a1c9bf3461d655c3084fae47/spring-aop-5.0.5.RELEASE.jar:/Users/thduser/.gradle/caches/modules-2/files-2.1/org.springframework/spring-beans/5.0.5.RELEASE/984445863c0bbdaaf860615762d998b471a6bf92/spring-beans-5.0.5.RELEASE.jar:/Users/thduser/.gradle/caches/modules-2/files-2.1/org.springframework/spring-core/5.0.5.RELEASE/1bd9feb1d9dac6accd27f5244b6c47cfcb55045c/spring-core-5.0.5.RELEASE.jar:/Users/thduser/.gradle/caches/modules-2/files-2.1/org.xmlunit/xmlunit-core/2.5.1/4ffdb346572a7356f7521cd3119ce5287d2e339d/xmlunit-core-2.5.1.jar:/Users/thduser/.gradle/caches/modules-2/files-2.1/org.springframework.boot/spring-boot-starter-logging/2.0.1.RELEASE/10681a28c95e9f9c0159327a1ed0c860517c7ad7/spring-boot-starter-logging-2.0.1.RELEASE.jar:/Users/thduser/.gradle/caches/modules-2/files-2.1/javax.annotation/javax.annotation-api/1.3.2/934c04d3cfef185a8008e7bf34331b79730a9d43/javax.annotation-api-1.3.2.jar:/Users/thduser/.gradle/caches/modules-2/files-2.1/org.yaml/snakeyaml/1.19/2d998d3d674b172a588e54ab619854d073f555b5/snakeyaml-1.19.jar:/Users/thduser/.gradle/caches/modules-2/files-2.1/com.fasterxml.jackson.datatype/jackson-datatype-jdk8/2.9.5/23e37f085279ba316c0df923513b81609e1d1f6/jackson-datatype-jdk8-2.9.5.jar:/Users/thduser/.gradle/caches/modules-2/files-2.1/com.fasterxml.jackson.datatype/jackson-datatype-jsr310/2.9.5/d1f0d11e816bc04e222a261106ca138801841c2d/jackson-datatype-jsr310-2.9.5.jar:/Users/thduser/.gradle/caches/modules-2/files-2.1/com.fasterxml.jackson.module/jackson-module-parameter-names/2.9.5/f824c60751ffb7bfc3a0d30dfe0e42317d8e67f5/jackson-module-parameter-names-2.9.5.jar:/Users/thduser/.gradle/caches/modules-2/files-2.1/com.fasterxml.jackson.core/jackson-databind/2.9.5/3490508379d065fe3fcb80042b62f630f7588606/jackson-databind-2.9.5.jar:/Users/thduser/.gradle/caches/modules-2/files-2.1/org.apache.tomcat.embed/tomcat-embed-websocket/8.5.29/37786f4ca8a1597a91a0f437e659a76d1fcc5bf1/tomcat-embed-websocket-8.5.29.jar:/Users/thduser/.gradle/caches/modules-2/files-2.1/org.apache.tomcat.embed/tomcat-embed-core/8.5.29/51eac5adde4bc019261b787cb99e5548206908e6/tomcat-embed-core-8.5.29.jar:/Users/thduser/.gradle/caches/modules-2/files-2.1/org.apache.tomcat.embed/tomcat-embed-el/8.5.29/893fb2c87ec1aa248a7911d76c0c06b3fca6bc9b/tomcat-embed-el-8.5.29.jar:/Users/thduser/.gradle/caches/modules-2/files-2.1/javax.validation/validation-api/2.0.1.Final/cb855558e6271b1b32e716d24cb85c7f583ce09e/validation-api-2.0.1.Final.jar:/Users/thduser/.gradle/caches/modules-2/files-2.1/org.jboss.logging/jboss-logging/3.3.2.Final/3789d00e859632e6c6206adc0c71625559e6e3b0/jboss-logging-3.3.2.Final.jar:/Users/thduser/.gradle/caches/modules-2/files-2.1/com.fasterxml/classmate/1.3.4/3d5f48f10bbe4eb7bd862f10c0583be2e0053c6/classmate-1.3.4.jar:/Users/thduser/.gradle/caches/modules-2/files-2.1/com.google.protobuf/protobuf-java-util/3.5.1/6e40a6a3f52455bd633aa2a0dba1a416e62b4575/protobuf-java-util-3.5.1.jar:/Users/thduser/.gradle/caches/modules-2/files-2.1/com.google.guava/guava/20.0/89507701249388e1ed5ddcf8c41f4ce1be7831ef/guava-20.0.jar:/Users/thduser/.gradle/caches/modules-2/files-2.1/com.google.api.grpc/proto-google-common-protos/1.0.6/d0e6fb4d6b9441d4e01b227127c48d1cccfa701b/proto-google-common-protos-1.0.6.jar:/Users/thduser/.gradle/caches/modules-2/files-2.1/com.google.auth/google-auth-library-credentials/0.9.0/8e2b181feff6005c9cbc6f5c1c1e2d3ec9138d46/google-auth-library-credentials-0.9.0.jar:/Users/thduser/.gradle/caches/modules-2/files-2.1/com.google.protobuf/protobuf-java/3.5.1/8c3492f7662fa1cbf8ca76a0f5eb1146f7725acd/protobuf-java-3.5.1.jar:/Users/thduser/.gradle/caches/modules-2/files-2.1/io.grpc/grpc-context/1.9.0/28b0836f48c9705abf73829bbc536dba29a1329a/grpc-context-1.9.0.jar:/Users/thduser/.gradle/caches/modules-2/files-2.1/org.threeten/threetenbp/1.3.3/3ea31c96676ff12ab56be0b1af6fff61d1a4f1f2/threetenbp-1.3.3.jar:/Users/thduser/.gradle/caches/modules-2/files-2.1/com.google.errorprone/error_prone_annotations/2.2.0/88e3c593e9b3586e1c6177f89267da6fc6986f0c/error_prone_annotations-2.2.0.jar:/Users/thduser/.gradle/caches/modules-2/files-2.1/net.minidev/json-smart/2.3/7396407491352ce4fa30de92efb158adb76b5b/json-smart-2.3.jar:/Users/thduser/.gradle/caches/modules-2/files-2.1/ch.qos.logback/logback-classic/1.2.3/7c4f3c474fb2c041d8028740440937705ebb473a/logback-classic-1.2.3.jar:/Users/thduser/.gradle/caches/modules-2/files-2.1/org.apache.logging.log4j/log4j-to-slf4j/2.10.0/f7e631ccf49cfc0aefa4a2a728da7d374c05bd3c/log4j-to-slf4j-2.10.0.jar:/Users/thduser/.gradle/caches/modules-2/files-2.1/org.slf4j/jul-to-slf4j/1.7.25/af5364cd6679bfffb114f0dec8a157aaa283b76/jul-to-slf4j-1.7.25.jar:/Users/thduser/.gradle/caches/modules-2/files-2.1/org.slf4j/slf4j-api/1.7.25/da76ca59f6a57ee3102f8f9bd9cee742973efa8a/slf4j-api-1.7.25.jar:/Users/thduser/.gradle/caches/modules-2/files-2.1/net.bytebuddy/byte-buddy/1.7.11/f02857a4e2c66ccbe7aaad6100a0a6c461bce9b3/byte-buddy-1.7.11.jar:/Users/thduser/.gradle/caches/modules-2/files-2.1/net.bytebuddy/byte-buddy-agent/1.7.11/b425a8933ca07edd03c6dbc8bc3b595fba9780de/byte-buddy-agent-1.7.11.jar:/Users/thduser/.gradle/caches/modules-2/files-2.1/org.objenesis/objenesis/2.6/639033469776fd37c08358c6b92a4761feb2af4b/objenesis-2.6.jar:/Users/thduser/.gradle/caches/modules-2/files-2.1/com.vaadin.external.google/android-json/0.0.20131108.vaadin1/fa26d351fe62a6a17f5cda1287c1c6110dec413f/android-json-0.0.20131108.vaadin1.jar:/Users/thduser/.gradle/caches/modules-2/files-2.1/org.springframework/spring-jcl/5.0.5.RELEASE/f4a2854b9d865e8b86717595aec16f877f8c6489/spring-jcl-5.0.5.RELEASE.jar:/Users/thduser/.gradle/caches/modules-2/files-2.1/com.fasterxml.jackson.core/jackson-annotations/2.9.0/7c10d545325e3a6e72e06381afe469fd40eb701/jackson-annotations-2.9.0.jar:/Users/thduser/.gradle/caches/modules-2/files-2.1/com.fasterxml.jackson.core/jackson-core/2.9.5/a22ac51016944b06fd9ffbc9541c6e7ce5eea117/jackson-core-2.9.5.jar:/Users/thduser/.gradle/caches/modules-2/files-2.1/org.apache.httpcomponents/httpclient/4.5.5/1603dfd56ebcd583ccdf337b6c3984ac55d89e58/httpclient-4.5.5.jar:/Users/thduser/.gradle/caches/modules-2/files-2.1/com.google.code.gson/gson/2.8.2/3edcfe49d2c6053a70a2a47e4e1c2f94998a49cf/gson-2.8.2.jar:/Users/thduser/.gradle/caches/modules-2/files-2.1/net.minidev/accessors-smart/1.2/c592b500269bfde36096641b01238a8350f8aa31/accessors-smart-1.2.jar:/Users/thduser/.gradle/caches/modules-2/files-2.1/ch.qos.logback/logback-core/1.2.3/864344400c3d4d92dfeb0a305dc87d953677c03c/logback-core-1.2.3.jar:/Users/thduser/.gradle/caches/modules-2/files-2.1/org.apache.logging.log4j/log4j-api/2.10.0/fec5797a55b786184a537abd39c3fa1449d752d6/log4j-api-2.10.0.jar:/Users/thduser/.gradle/caches/modules-2/files-2.1/org.ow2.asm/asm/5.0.4/da08b8cce7bbf903602a25a3a163ae252435795/asm-5.0.4.jar:/Users/thduser/.gradle/caches/modules-2/files-2.1/org.apache.httpcomponents/httpcore/4.4.9/a86ce739e5a7175b4b234c290a00a5fdb80957a0/httpcore-4.4.9.jar:/Users/thduser/.gradle/caches/modules-2/files-2.1/commons-codec/commons-codec/1.11/3acb4705652e16236558f0f4f2192cc33c3bd189/commons-codec-1.11.jar, java.vm.vendor=Oracle Corporation, sun.arch.data.model=64, user.variant=, java.vendor.url=http://java.oracle.com/, user.timezone=America/New_York, os.name=Mac OS X, java.vm.specification.version=9, user.country=US, sun.java.launcher=SUN_STANDARD, sun.boot.library.path=/Library/Java/JavaVirtualMachines/jdk-9.0.1.jdk/Contents/Home/lib, sun.java.command=worker.org.gradle.process.internal.worker.GradleWorkerMain 'Gradle Test Executor 3', jdk.debug=release, sun.cpu.endian=little, user.home=/Users/thduser, user.language=en, java.specification.vendor=Oracle Corporation, org.gradle.native=false, java.home=/Library/Java/JavaVirtualMachines/jdk-9.0.1.jdk/Contents/Home, file.separator=/, java.vm.compressedOopsMode=Zero based, line.separator=
, java.specification.name=Java Platform API Specification, java.vm.specification.vendor=Oracle Corporation, java.awt.graphicsenv=sun.awt.CGraphicsEnvironment, sun.management.compiler=HotSpot 64-Bit Tiered Compilers, java.runtime.version=9.0.1+11, user.name=thduser, path.separator=:, os.version=10.13.4, java.runtime.name=Java(TM) SE Runtime Environment, file.encoding=UTF-8, java.vm.name=Java HotSpot(TM) 64-Bit Server VM, java.vendor.url.bug=http://bugreport.java.com/bugreport/, java.io.tmpdir=/var/folders/gn/q4fv5v3n0fgdnkyy9gnm_6sh0000gn/T/, java.version=9.0.1, user.dir=/Users/thduser/ramworkspace/dock-doors, os.arch=x86_64, java.vm.specification.name=Java Virtual Machine Specification, java.awt.printerjob=sun.lwawt.macosx.CPrinterJob, sun.os.patch.level=unknown, java.library.path=/Users/thduser/Library/Java/Extensions:/Library/Java/Extensions:/Network/Library/Java/Extensions:/System/Library/Java/Extensions:/usr/lib/java:., java.vm.info=mixed mode, java.vendor=Oracle Corporation, java.vm.version=9.0.1+11, sun.io.unicode.encoding=UnicodeBig, java.class.version=53.0}}, SystemEnvironmentPropertySource@1075627815 {name='systemEnvironment', properties={PATH=/Users/Shared/Downloads/google-cloud-sdk/bin:/Users/thduser/.rbenv/shims:/usr/local/sbin:/Users/thduser/.rbenv/shims:/usr/local/sbin:/Users/thduser/.rbenv/shims:/Users/thduser/.rbenv/bin:/usr/local/bin:/usr/bin:/bin:/usr/sbin:/sbin:/usr/local/share/dotnet:/Library/Frameworks/Mono.framework/Versions/Current/Commands, HISTCONTROL=ignorespace:erasedups, GREP_COLOR=1;33, HISTSIZE=5000, JAVA_HOME=/Library/Java/JavaVirtualMachines/jdk-9.0.1.jdk/Contents/Home, JAVA_MAIN_CLASS_40261=worker.org.gradle.process.internal.worker.GradleWorkerMain, RBENV_SHELL=bash, TERM=xterm-256color, BASH_IT=/Users/thduser/.bash_it, IRC_CLIENT=irssi, APP_NAME_37626=Gradle, AUTOFEATURE=true autotest, BASH_IT_THEME=bobby, JAVA_MAIN_CLASS_37626=org.gradle.launcher.GradleMain, LOGNAME=thduser, XPC_SERVICE_NAME=0, PWD=/Users/thduser/ramworkspace/dock-doors-springboot, TODO=t, SHELL=/bin/bash, GIT_HOSTING=git@git.domain.com, LSCOLORS=Gxfxcxdxdxegedabagacad, APP_ICON_37626=/usr/local/Cellar/gradle/4.4.1/libexec/media/gradle.icns, SCM_CHECK=true, OLDPWD=/usr/local/Cellar/gradle/4.4.1/libexec, USER=thduser, TMPDIR=/var/folders/gn/q4fv5v3n0fgdnkyy9gnm_6sh0000gn/T/, SSH_AUTH_SOCK=/private/tmp/com.apple.launchd.i6IuL0cpwD/Listeners, XPC_FLAGS=0x0, __CF_USER_TEXT_ENCODING=0x1F5:0x0:0x0, JAVA_MAIN_CLASS_37638=org.gradle.launcher.daemon.bootstrap.GradleDaemon, Apple_PubSub_Socket_Render=/private/tmp/com.apple.launchd.uI9rHFnv44/Render, LC_CTYPE=en_US.UTF-8, HOME=/Users/thduser, SHLVL=1}}]
09:48:58.893 [Test worker] DEBUG org.springframework.core.io.support.PathMatchingResourcePatternResolver - Resolved classpath location [com/homedepot/bootcamp/dockdoors/] to resources [URL [file:/Users/thduser/ramworkspace/dock-doors/build/classes/java/test/com/homedepot/bootcamp/dockdoors/], URL [file:/Users/thduser/ramworkspace/dock-doors/build/classes/java/main/com/homedepot/bootcamp/dockdoors/]]
09:48:58.894 [Test worker] DEBUG org.springframework.core.io.support.PathMatchingResourcePatternResolver - Looking for matching resources in directory tree [/Users/thduser/ramworkspace/dock-doors/build/classes/java/test/com/homedepot/bootcamp/dockdoors]
09:48:58.894 [Test worker] DEBUG org.springframework.core.io.support.PathMatchingResourcePatternResolver - Searching directory [/Users/thduser/ramworkspace/dock-doors/build/classes/java/test/com/homedepot/bootcamp/dockdoors] for files matching pattern [/Users/thduser/ramworkspace/dock-doors/build/classes/java/test/com/homedepot/bootcamp/dockdoors/*.class]
09:48:58.898 [Test worker] DEBUG org.springframework.core.io.support.PathMatchingResourcePatternResolver - Looking for matching resources in directory tree [/Users/thduser/ramworkspace/dock-doors/build/classes/java/main/com/homedepot/bootcamp/dockdoors]
09:48:58.899 [Test worker] DEBUG org.springframework.core.io.support.PathMatchingResourcePatternResolver - Searching directory [/Users/thduser/ramworkspace/dock-doors/build/classes/java/main/com/homedepot/bootcamp/dockdoors] for files matching pattern [/Users/thduser/ramworkspace/dock-doors/build/classes/java/main/com/homedepot/bootcamp/dockdoors/*.class]
09:48:58.900 [Test worker] DEBUG org.springframework.core.io.support.PathMatchingResourcePatternResolver - Resolved location pattern [classpath*:com/homedepot/bootcamp/dockdoors/*.class] to resources [file [/Users/thduser/ramworkspace/dock-doors/build/classes/java/test/com/homedepot/bootcamp/dockdoors/DockDoorsApplicationTests.class], file [/Users/thduser/ramworkspace/dock-doors/build/classes/java/main/com/homedepot/bootcamp/dockdoors/DockDoorsApplication.class]]
09:48:58.966 [Test worker] DEBUG org.springframework.context.annotation.ClassPathScanningCandidateComponentProvider - Identified candidate component class: file [/Users/thduser/ramworkspace/dock-doors/build/classes/java/main/com/homedepot/bootcamp/dockdoors/DockDoorsApplication.class]
09:48:58.968 [Test worker] INFO org.springframework.boot.test.context.SpringBootTestContextBootstrapper - Found @SpringBootConfiguration com.homedepot.bootcamp.dockdoors.DockDoorsApplication for test class com.homedepot.bootcamp.dockdoors.DockDoorsApplicationTests
09:48:59.263 [Test worker] DEBUG org.springframework.boot.test.context.SpringBootTestContextBootstrapper - @TestExecutionListeners is not present for class [com.homedepot.bootcamp.dockdoors.DockDoorsApplicationTests]: using defaults.
09:48:59.264 [Test worker] INFO org.springframework.boot.test.context.SpringBootTestContextBootstrapper - Loaded default TestExecutionListener class names from location [META-INF/spring.factories]: [org.springframework.boot.test.autoconfigure.restdocs.RestDocsTestExecutionListener, org.springframework.boot.test.autoconfigure.web.client.MockRestServiceServerResetTestExecutionListener, org.springframework.boot.test.autoconfigure.web.servlet.MockMvcPrintOnlyOnFailureTestExecutionListener, org.springframework.boot.test.autoconfigure.web.servlet.WebDriverTestExecutionListener, org.springframework.boot.test.mock.mockito.MockitoTestExecutionListener, org.springframework.boot.test.mock.mockito.ResetMocksTestExecutionListener, org.springframework.test.context.web.ServletTestExecutionListener, org.springframework.test.context.support.DirtiesContextBeforeModesTestExecutionListener, org.springframework.test.context.support.DependencyInjectionTestExecutionListener, org.springframework.test.context.support.DirtiesContextTestExecutionListener, org.springframework.test.context.transaction.TransactionalTestExecutionListener, org.springframework.test.context.jdbc.SqlScriptsTestExecutionListener]
09:48:59.280 [Test worker] DEBUG org.springframework.boot.test.context.SpringBootTestContextBootstrapper - Skipping candidate TestExecutionListener [org.springframework.test.context.transaction.TransactionalTestExecutionListener] due to a missing dependency. Specify custom listener classes or make the default listener classes and their required dependencies available. Offending class: [org/springframework/transaction/interceptor/TransactionAttributeSource]
09:48:59.281 [Test worker] DEBUG org.springframework.boot.test.context.SpringBootTestContextBootstrapper - Skipping candidate TestExecutionListener [org.springframework.test.context.jdbc.SqlScriptsTestExecutionListener] due to a missing dependency. Specify custom listener classes or make the default listener classes and their required dependencies available. Offending class: [org/springframework/transaction/interceptor/TransactionAttribute]
09:48:59.281 [Test worker] INFO org.springframework.boot.test.context.SpringBootTestContextBootstrapper - Using TestExecutionListeners: [org.springframework.test.context.web.ServletTestExecutionListener@308039f1, org.springframework.test.context.support.DirtiesContextBeforeModesTestExecutionListener@2e4165b6, org.springframework.boot.test.mock.mockito.MockitoTestExecutionListener@3de723c1, org.springframework.boot.test.autoconfigure.SpringBootDependencyInjectionTestExecutionListener@7a99afca, org.springframework.test.context.support.DirtiesContextTestExecutionListener@4b675ed9, org.springframework.boot.test.autoconfigure.restdocs.RestDocsTestExecutionListener@6e2efed6, org.springframework.boot.test.autoconfigure.web.client.MockRestServiceServerResetTestExecutionListener@6ad331f9, org.springframework.boot.test.autoconfigure.web.servlet.MockMvcPrintOnlyOnFailureTestExecutionListener@5d833496, org.springframework.boot.test.autoconfigure.web.servlet.WebDriverTestExecutionListener@2ce33869, org.springframework.boot.test.mock.mockito.ResetMocksTestExecutionListener@35a2bb6d]
09:48:59.286 [Test worker] DEBUG org.springframework.test.annotation.ProfileValueUtils - Retrieved @ProfileValueSourceConfiguration [null] for test class [com.homedepot.bootcamp.dockdoors.DockDoorsApplicationTests]
09:48:59.286 [Test worker] DEBUG org.springframework.test.annotation.ProfileValueUtils - Retrieved ProfileValueSource type [class org.springframework.test.annotation.SystemProfileValueSource] for class [com.homedepot.bootcamp.dockdoors.DockDoorsApplicationTests]
09:48:59.287 [Test worker] DEBUG org.springframework.test.annotation.ProfileValueUtils - Retrieved @ProfileValueSourceConfiguration [null] for test class [com.homedepot.bootcamp.dockdoors.DockDoorsApplicationTests]
09:48:59.287 [Test worker] DEBUG org.springframework.test.annotation.ProfileValueUtils - Retrieved ProfileValueSource type [class org.springframework.test.annotation.SystemProfileValueSource] for class [com.homedepot.bootcamp.dockdoors.DockDoorsApplicationTests]
09:48:59.294 [Test worker] DEBUG org.springframework.test.context.support.AbstractDirtiesContextTestExecutionListener - Before test class: context [DefaultTestContext@5a74267a testClass = DockDoorsApplicationTests, testInstance = [null], testMethod = [null], testException = [null], mergedContextConfiguration = [WebMergedContextConfiguration@5cd8fc69 testClass = DockDoorsApplicationTests, locations = '{}', classes = '{class com.homedepot.bootcamp.dockdoors.DockDoorsApplication}', contextInitializerClasses = '[]', activeProfiles = '{}', propertySourceLocations = '{}', propertySourceProperties = '{org.springframework.boot.test.context.SpringBootTestContextBootstrapper=true}', contextCustomizers = set[org.springframework.boot.test.autoconfigure.properties.PropertyMappingContextCustomizer@0, org.springframework.boot.test.autoconfigure.web.servlet.WebDriverContextCustomizerFactory$Customizer@3da2b2bd, org.springframework.boot.test.context.filter.ExcludeFilterContextCustomizer@57c0181b, org.springframework.boot.test.json.DuplicateJsonObjectContextCustomizerFactory$DuplicateJsonObjectContextCustomizer@572cc8f1, org.springframework.boot.test.mock.mockito.MockitoContextCustomizer@0, org.springframework.boot.test.web.client.TestRestTemplateContextCustomizer@68ca8974], resourceBasePath = 'src/main/webapp', contextLoader = 'org.springframework.boot.test.context.SpringBootContextLoader', parent = [null]], attributes = map['org.springframework.test.context.web.ServletTestExecutionListener.activateListener' -> true]], class annotated with @DirtiesContext [false] with mode [null].
09:48:59.296 [Test worker] DEBUG org.springframework.test.annotation.ProfileValueUtils - Retrieved @ProfileValueSourceConfiguration [null] for test class [com.homedepot.bootcamp.dockdoors.DockDoorsApplicationTests]
09:48:59.296 [Test worker] DEBUG org.springframework.test.annotation.ProfileValueUtils - Retrieved ProfileValueSource type [class org.springframework.test.annotation.SystemProfileValueSource] for class [com.homedepot.bootcamp.dockdoors.DockDoorsApplicationTests]
09:48:59.340 [Test worker] DEBUG org.springframework.core.env.StandardEnvironment - Adding PropertySource 'systemProperties' with lowest search precedence
09:48:59.342 [Test worker] DEBUG org.springframework.core.env.StandardEnvironment - Adding PropertySource 'systemEnvironment' with lowest search precedence
09:48:59.343 [Test worker] DEBUG org.springframework.core.env.StandardEnvironment - Initialized StandardEnvironment with PropertySources [MapPropertySource@744678370 {name='systemProperties', properties={gopherProxySet=false, awt.toolkit=sun.lwawt.macosx.LWCToolkit, java.specification.version=9, file.encoding.pkg=sun.io, sun.cpu.isalist=, sun.jnu.encoding=UTF-8, org.gradle.test.worker=3, java.class.path=/Users/thduser/.gradle/caches/4.4.1/workerMain/gradle-worker.jar:/Users/thduser/ramworkspace/dock-doors/build/classes/java/test:/Users/thduser/ramworkspace/dock-doors/build/resources/test:/Users/thduser/ramworkspace/dock-doors/build/classes/java/main:/Users/thduser/ramworkspace/dock-doors/build/resources/main:/Users/thduser/.gradle/caches/modules-2/files-2.1/org.springframework.boot/spring-boot-starter-web/2.0.1.RELEASE/88751ed76791d12425ce5a80476baf1749a44cf4/spring-boot-starter-web-2.0.1.RELEASE.jar:/Users/thduser/.gradle/caches/modules-2/files-2.1/com.google.cloud/google-cloud-spanner/0.35.0-beta/fab7085bd905ce223519ab2bc62ede32e242fd57/google-cloud-spanner-0.35.0-beta.jar:/Users/thduser/.gradle/caches/modules-2/files-2.1/org.springframework.boot/spring-boot-starter-test/2.0.1.RELEASE/d6204ede44fa7e1df01d25509837bfa4b767fa28/spring-boot-starter-test-2.0.1.RELEASE.jar:/Users/thduser/.gradle/caches/modules-2/files-2.1/org.springframework.boot/spring-boot-starter-json/2.0.1.RELEASE/f2e1aeeb1ac02bfa1b4f7254633484af1866fc65/spring-boot-starter-json-2.0.1.RELEASE.jar:/Users/thduser/.gradle/caches/modules-2/files-2.1/org.springframework.boot/spring-boot-starter/2.0.1.RELEASE/33abc1286b0aabea4f08ff4285d09e587835a716/spring-boot-starter-2.0.1.RELEASE.jar:/Users/thduser/.gradle/caches/modules-2/files-2.1/org.springframework.boot/spring-boot-starter-tomcat/2.0.1.RELEASE/4b46f4aaff6c8a5a1c8184996d5e9e8a9354db8d/spring-boot-starter-tomcat-2.0.1.RELEASE.jar:/Users/thduser/.gradle/caches/modules-2/files-2.1/org.hibernate.validator/hibernate-validator/6.0.9.Final/b149e4cce82379f11f6129eb3187ca8ae5404005/hibernate-validator-6.0.9.Final.jar:/Users/thduser/.gradle/caches/modules-2/files-2.1/org.springframework/spring-webmvc/5.0.5.RELEASE/a7fd53c7ad06b0fa7dd4ff347de1b2dc508739e/spring-webmvc-5.0.5.RELEASE.jar:/Users/thduser/.gradle/caches/modules-2/files-2.1/org.springframework/spring-web/5.0.5.RELEASE/d51dbb5cabe72ae02e400577bac48f7fc94088de/spring-web-5.0.5.RELEASE.jar:/Users/thduser/.gradle/caches/modules-2/files-2.1/com.google.cloud/google-cloud-core-grpc/1.17.0/900773fdf69901609c851cb75f2e7489bcaa8024/google-cloud-core-grpc-1.17.0.jar:/Users/thduser/.gradle/caches/modules-2/files-2.1/com.google.cloud/google-cloud-core/1.17.0/6625dd0ad0b72d170df79a791009936cdc950932/google-cloud-core-1.17.0.jar:/Users/thduser/.gradle/caches/modules-2/files-2.1/com.google.api/gax-grpc/1.19.0/e997d1a6a16f94a853ffa391f83249d38a8e1252/gax-grpc-1.19.0.jar:/Users/thduser/.gradle/caches/modules-2/files-2.1/com.google.api.grpc/grpc-google-cloud-spanner-v1/0.1.30/ce35a8a5e55292caec53a77d51394340d2961009/grpc-google-cloud-spanner-v1-0.1.30.jar:/Users/thduser/.gradle/caches/modules-2/files-2.1/com.google.api.grpc/proto-google-cloud-spanner-v1/0.1.30/7a24d44c93b68cb3939934c8afe11111fc72fd94/proto-google-cloud-spanner-v1-0.1.30.jar:/Users/thduser/.gradle/caches/modules-2/files-2.1/com.google.api.grpc/grpc-google-cloud-spanner-admin-database-v1/0.1.30/d1cdc2597d1774f7117f571e68fc8a434e794299/grpc-google-cloud-spanner-admin-database-v1-0.1.30.jar:/Users/thduser/.gradle/caches/modules-2/files-2.1/com.google.api.grpc/proto-google-cloud-spanner-admin-database-v1/0.1.30/480b2afad3e976a486c5a0995100d947d611b3b6/proto-google-cloud-spanner-admin-database-v1-0.1.30.jar:/Users/thduser/.gradle/caches/modules-2/files-2.1/com.google.api.grpc/grpc-google-cloud-spanner-admin-instance-v1/0.1.30/226d811fc8252d1e3d315ca6cf210ccbaff00eb3/grpc-google-cloud-spanner-admin-instance-v1-0.1.30.jar:/Users/thduser/.gradle/caches/modules-2/files-2.1/com.google.api.grpc/proto-google-cloud-spanner-admin-instance-v1/0.1.30/89231f97a63df4f4bb6817ab9cd4e2c5300f1af0/proto-google-cloud-spanner-admin-instance-v1-0.1.30.jar:/Users/thduser/.gradle/caches/modules-2/files-2.1/com.google.api.grpc/grpc-google-common-protos/1.0.6/50797576446add44b914a8bacc25d55731f5ef00/grpc-google-common-protos-1.0.6.jar:/Users/thduser/.gradle/caches/modules-2/files-2.1/io.grpc/grpc-netty-shaded/1.9.0/3df38262d0a73a890487c4152caaba7bf41258ff/grpc-netty-shaded-1.9.0.jar:/Users/thduser/.gradle/caches/modules-2/files-2.1/io.grpc/grpc-auth/1.9.0/d2eadc6d28ebee8ec0cef74f882255e4069972ad/grpc-auth-1.9.0.jar:/Users/thduser/.gradle/caches/modules-2/files-2.1/io.grpc/grpc-stub/1.9.0/20e310f888860a27dfa509a69eebb236417ee93f/grpc-stub-1.9.0.jar:/Users/thduser/.gradle/caches/modules-2/files-2.1/io.opencensus/opencensus-contrib-grpc-util/0.11.1/a4b6abcbbcf786f624420429a25aa9c79e13f1c6/opencensus-contrib-grpc-util-0.11.1.jar:/Users/thduser/.gradle/caches/modules-2/files-2.1/com.google.api/gax/1.19.0/e37d293c349d399f0b652f4742273e2868c0bd8f/gax-1.19.0.jar:/Users/thduser/.gradle/caches/modules-2/files-2.1/com.google.api.grpc/proto-google-iam-v1/0.1.30/bdffd65ca889edd1adbf5902a823d30f9c681845/proto-google-iam-v1-0.1.30.jar:/Users/thduser/.gradle/caches/modules-2/files-2.1/com.google.api/api-common/1.2.0/ac251a3623e19c4eb0a7dbb503ca32a0515f9713/api-common-1.2.0.jar:/Users/thduser/.gradle/caches/modules-2/files-2.1/io.grpc/grpc-protobuf/1.9.0/94ca247577e4cf1a38d5ac9d536ac1d426a1ccc5/grpc-protobuf-1.9.0.jar:/Users/thduser/.gradle/caches/modules-2/files-2.1/io.grpc/grpc-protobuf-lite/1.9.0/9dc9c6531ae0b304581adff0e9b7cff21a4073ac/grpc-protobuf-lite-1.9.0.jar:/Users/thduser/.gradle/caches/modules-2/files-2.1/io.grpc/grpc-core/1.9.0/cf76ab13d35e8bd5d0ffad6d82bb1ef1770f050c/grpc-core-1.9.0.jar:/Users/thduser/.gradle/caches/modules-2/files-2.1/com.google.instrumentation/instrumentation-api/0.4.3/41614af3429573dc02645d541638929d877945a2/instrumentation-api-0.4.3.jar:/Users/thduser/.gradle/caches/modules-2/files-2.1/com.google.auth/google-auth-library-oauth2-http/0.9.0/4e6152c3aead24148627e84f5651e79698c00d9/google-auth-library-oauth2-http-0.9.0.jar:/Users/thduser/.gradle/caches/modules-2/files-2.1/com.google.http-client/google-http-client-jackson2/1.19.0/81dbf9795d387d5e80e55346582d5f2fb81a42eb/google-http-client-jackson2-1.19.0.jar:/Users/thduser/.gradle/caches/modules-2/files-2.1/com.google.http-client/google-http-client/1.23.0/8e86c84ff3c98eca6423e97780325b299133d858/google-http-client-1.23.0.jar:/Users/thduser/.gradle/caches/modules-2/files-2.1/io.opencensus/opencensus-contrib-grpc-metrics/0.10.0/e47f918dc577b6316f57a884c500b13a98d3c11b/opencensus-contrib-grpc-metrics-0.10.0.jar:/Users/thduser/.gradle/caches/modules-2/files-2.1/io.opencensus/opencensus-api/0.11.1/54689fbf750a7f26e34fa1f1f96b883c53f51486/opencensus-api-0.11.1.jar:/Users/thduser/.gradle/caches/modules-2/files-2.1/com.google.code.findbugs/jsr305/3.0.1/f7be08ec23c21485b9b5a1cf1654c2ec8c58168d/jsr305-3.0.1.jar:/Users/thduser/.gradle/caches/modules-2/files-2.1/joda-time/joda-time/2.9.9/f7b520c458572890807d143670c9b24f4de90897/joda-time-2.9.9.jar:/Users/thduser/.gradle/caches/modules-2/files-2.1/junit/junit/4.12/2973d150c0dc1fefe998f834810d68f278ea58ec/junit-4.12.jar:/Users/thduser/.gradle/caches/modules-2/files-2.1/org.springframework.boot/spring-boot-test-autoconfigure/2.0.1.RELEASE/c7a68c07f2a04323a67740f91d20818ec2e783b3/spring-boot-test-autoconfigure-2.0.1.RELEASE.jar:/Users/thduser/.gradle/caches/modules-2/files-2.1/org.springframework.boot/spring-boot-test/2.0.1.RELEASE/77cede07b0e9da6c87d0dabcfe3e53ac56747d73/spring-boot-test-2.0.1.RELEASE.jar:/Users/thduser/.gradle/caches/modules-2/files-2.1/com.jayway.jsonpath/json-path/2.4.0/765a4401ceb2dc8d40553c2075eb80a8fa35c2ae/json-path-2.4.0.jar:/Users/thduser/.gradle/caches/modules-2/files-2.1/org.assertj/assertj-core/3.9.1/c5ce126b15f28d56cd8f960c1a6a058b9c9aea87/assertj-core-3.9.1.jar:/Users/thduser/.gradle/caches/modules-2/files-2.1/org.mockito/mockito-core/2.15.0/b84bfbbc29cd22c9529409627af6ea2897f4fa85/mockito-core-2.15.0.jar:/Users/thduser/.gradle/caches/modules-2/files-2.1/org.hamcrest/hamcrest-library/1.3/4785a3c21320980282f9f33d0d1264a69040538f/hamcrest-library-1.3.jar:/Users/thduser/.gradle/caches/modules-2/files-2.1/org.hamcrest/hamcrest-core/1.3/42a25dc3219429f0e5d060061f71acb49bf010a0/hamcrest-core-1.3.jar:/Users/thduser/.gradle/caches/modules-2/files-2.1/org.skyscreamer/jsonassert/1.5.0/6c9d5fe2f59da598d9aefc1cfc6528ff3cf32df3/jsonassert-1.5.0.jar:/Users/thduser/.gradle/caches/modules-2/files-2.1/org.springframework/spring-test/5.0.5.RELEASE/f7e3b83447e54056a91de1294ae6888343648dff/spring-test-5.0.5.RELEASE.jar:/Users/thduser/.gradle/caches/modules-2/files-2.1/org.springframework.boot/spring-boot-autoconfigure/2.0.1.RELEASE/b0bf9d34ed70c6987a86cd58a009065e5fa02545/spring-boot-autoconfigure-2.0.1.RELEASE.jar:/Users/thduser/.gradle/caches/modules-2/files-2.1/org.springframework.boot/spring-boot/2.0.1.RELEASE/b8c5b14cbb0e52fdded8f98a8c1493cc74c7cf59/spring-boot-2.0.1.RELEASE.jar:/Users/thduser/.gradle/caches/modules-2/files-2.1/org.springframework/spring-context/5.0.5.RELEASE/9cca4bf5acb693249a01c218f471c677b951d6e2/spring-context-5.0.5.RELEASE.jar:/Users/thduser/.gradle/caches/modules-2/files-2.1/org.springframework/spring-expression/5.0.5.RELEASE/fc6c7a95aeb7d00f4c65c338b08d97767eb0dd99/spring-expression-5.0.5.RELEASE.jar:/Users/thduser/.gradle/caches/modules-2/files-2.1/org.springframework/spring-aop/5.0.5.RELEASE/b11b61b94d7fb752a1c9bf3461d655c3084fae47/spring-aop-5.0.5.RELEASE.jar:/Users/thduser/.gradle/caches/modules-2/files-2.1/org.springframework/spring-beans/5.0.5.RELEASE/984445863c0bbdaaf860615762d998b471a6bf92/spring-beans-5.0.5.RELEASE.jar:/Users/thduser/.gradle/caches/modules-2/files-2.1/org.springframework/spring-core/5.0.5.RELEASE/1bd9feb1d9dac6accd27f5244b6c47cfcb55045c/spring-core-5.0.5.RELEASE.jar:/Users/thduser/.gradle/caches/modules-2/files-2.1/org.xmlunit/xmlunit-core/2.5.1/4ffdb346572a7356f7521cd3119ce5287d2e339d/xmlunit-core-2.5.1.jar:/Users/thduser/.gradle/caches/modules-2/files-2.1/org.springframework.boot/spring-boot-starter-logging/2.0.1.RELEASE/10681a28c95e9f9c0159327a1ed0c860517c7ad7/spring-boot-starter-logging-2.0.1.RELEASE.jar:/Users/thduser/.gradle/caches/modules-2/files-2.1/javax.annotation/javax.annotation-api/1.3.2/934c04d3cfef185a8008e7bf34331b79730a9d43/javax.annotation-api-1.3.2.jar:/Users/thduser/.gradle/caches/modules-2/files-2.1/org.yaml/snakeyaml/1.19/2d998d3d674b172a588e54ab619854d073f555b5/snakeyaml-1.19.jar:/Users/thduser/.gradle/caches/modules-2/files-2.1/com.fasterxml.jackson.datatype/jackson-datatype-jdk8/2.9.5/23e37f085279ba316c0df923513b81609e1d1f6/jackson-datatype-jdk8-2.9.5.jar:/Users/thduser/.gradle/caches/modules-2/files-2.1/com.fasterxml.jackson.datatype/jackson-datatype-jsr310/2.9.5/d1f0d11e816bc04e222a261106ca138801841c2d/jackson-datatype-jsr310-2.9.5.jar:/Users/thduser/.gradle/caches/modules-2/files-2.1/com.fasterxml.jackson.module/jackson-module-parameter-names/2.9.5/f824c60751ffb7bfc3a0d30dfe0e42317d8e67f5/jackson-module-parameter-names-2.9.5.jar:/Users/thduser/.gradle/caches/modules-2/files-2.1/com.fasterxml.jackson.core/jackson-databind/2.9.5/3490508379d065fe3fcb80042b62f630f7588606/jackson-databind-2.9.5.jar:/Users/thduser/.gradle/caches/modules-2/files-2.1/org.apache.tomcat.embed/tomcat-embed-websocket/8.5.29/37786f4ca8a1597a91a0f437e659a76d1fcc5bf1/tomcat-embed-websocket-8.5.29.jar:/Users/thduser/.gradle/caches/modules-2/files-2.1/org.apache.tomcat.embed/tomcat-embed-core/8.5.29/51eac5adde4bc019261b787cb99e5548206908e6/tomcat-embed-core-8.5.29.jar:/Users/thduser/.gradle/caches/modules-2/files-2.1/org.apache.tomcat.embed/tomcat-embed-el/8.5.29/893fb2c87ec1aa248a7911d76c0c06b3fca6bc9b/tomcat-embed-el-8.5.29.jar:/Users/thduser/.gradle/caches/modules-2/files-2.1/javax.validation/validation-api/2.0.1.Final/cb855558e6271b1b32e716d24cb85c7f583ce09e/validation-api-2.0.1.Final.jar:/Users/thduser/.gradle/caches/modules-2/files-2.1/org.jboss.logging/jboss-logging/3.3.2.Final/3789d00e859632e6c6206adc0c71625559e6e3b0/jboss-logging-3.3.2.Final.jar:/Users/thduser/.gradle/caches/modules-2/files-2.1/com.fasterxml/classmate/1.3.4/3d5f48f10bbe4eb7bd862f10c0583be2e0053c6/classmate-1.3.4.jar:/Users/thduser/.gradle/caches/modules-2/files-2.1/com.google.protobuf/protobuf-java-util/3.5.1/6e40a6a3f52455bd633aa2a0dba1a416e62b4575/protobuf-java-util-3.5.1.jar:/Users/thduser/.gradle/caches/modules-2/files-2.1/com.google.guava/guava/20.0/89507701249388e1ed5ddcf8c41f4ce1be7831ef/guava-20.0.jar:/Users/thduser/.gradle/caches/modules-2/files-2.1/com.google.api.grpc/proto-google-common-protos/1.0.6/d0e6fb4d6b9441d4e01b227127c48d1cccfa701b/proto-google-common-protos-1.0.6.jar:/Users/thduser/.gradle/caches/modules-2/files-2.1/com.google.auth/google-auth-library-credentials/0.9.0/8e2b181feff6005c9cbc6f5c1c1e2d3ec9138d46/google-auth-library-credentials-0.9.0.jar:/Users/thduser/.gradle/caches/modules-2/files-2.1/com.google.protobuf/protobuf-java/3.5.1/8c3492f7662fa1cbf8ca76a0f5eb1146f7725acd/protobuf-java-3.5.1.jar:/Users/thduser/.gradle/caches/modules-2/files-2.1/io.grpc/grpc-context/1.9.0/28b0836f48c9705abf73829bbc536dba29a1329a/grpc-context-1.9.0.jar:/Users/thduser/.gradle/caches/modules-2/files-2.1/org.threeten/threetenbp/1.3.3/3ea31c96676ff12ab56be0b1af6fff61d1a4f1f2/threetenbp-1.3.3.jar:/Users/thduser/.gradle/caches/modules-2/files-2.1/com.google.errorprone/error_prone_annotations/2.2.0/88e3c593e9b3586e1c6177f89267da6fc6986f0c/error_prone_annotations-2.2.0.jar:/Users/thduser/.gradle/caches/modules-2/files-2.1/net.minidev/json-smart/2.3/7396407491352ce4fa30de92efb158adb76b5b/json-smart-2.3.jar:/Users/thduser/.gradle/caches/modules-2/files-2.1/ch.qos.logback/logback-classic/1.2.3/7c4f3c474fb2c041d8028740440937705ebb473a/logback-classic-1.2.3.jar:/Users/thduser/.gradle/caches/modules-2/files-2.1/org.apache.logging.log4j/log4j-to-slf4j/2.10.0/f7e631ccf49cfc0aefa4a2a728da7d374c05bd3c/log4j-to-slf4j-2.10.0.jar:/Users/thduser/.gradle/caches/modules-2/files-2.1/org.slf4j/jul-to-slf4j/1.7.25/af5364cd6679bfffb114f0dec8a157aaa283b76/jul-to-slf4j-1.7.25.jar:/Users/thduser/.gradle/caches/modules-2/files-2.1/org.slf4j/slf4j-api/1.7.25/da76ca59f6a57ee3102f8f9bd9cee742973efa8a/slf4j-api-1.7.25.jar:/Users/thduser/.gradle/caches/modules-2/files-2.1/net.bytebuddy/byte-buddy/1.7.11/f02857a4e2c66ccbe7aaad6100a0a6c461bce9b3/byte-buddy-1.7.11.jar:/Users/thduser/.gradle/caches/modules-2/files-2.1/net.bytebuddy/byte-buddy-agent/1.7.11/b425a8933ca07edd03c6dbc8bc3b595fba9780de/byte-buddy-agent-1.7.11.jar:/Users/thduser/.gradle/caches/modules-2/files-2.1/org.objenesis/objenesis/2.6/639033469776fd37c08358c6b92a4761feb2af4b/objenesis-2.6.jar:/Users/thduser/.gradle/caches/modules-2/files-2.1/com.vaadin.external.google/android-json/0.0.20131108.vaadin1/fa26d351fe62a6a17f5cda1287c1c6110dec413f/android-json-0.0.20131108.vaadin1.jar:/Users/thduser/.gradle/caches/modules-2/files-2.1/org.springframework/spring-jcl/5.0.5.RELEASE/f4a2854b9d865e8b86717595aec16f877f8c6489/spring-jcl-5.0.5.RELEASE.jar:/Users/thduser/.gradle/caches/modules-2/files-2.1/com.fasterxml.jackson.core/jackson-annotations/2.9.0/7c10d545325e3a6e72e06381afe469fd40eb701/jackson-annotations-2.9.0.jar:/Users/thduser/.gradle/caches/modules-2/files-2.1/com.fasterxml.jackson.core/jackson-core/2.9.5/a22ac51016944b06fd9ffbc9541c6e7ce5eea117/jackson-core-2.9.5.jar:/Users/thduser/.gradle/caches/modules-2/files-2.1/org.apache.httpcomponents/httpclient/4.5.5/1603dfd56ebcd583ccdf337b6c3984ac55d89e58/httpclient-4.5.5.jar:/Users/thduser/.gradle/caches/modules-2/files-2.1/com.google.code.gson/gson/2.8.2/3edcfe49d2c6053a70a2a47e4e1c2f94998a49cf/gson-2.8.2.jar:/Users/thduser/.gradle/caches/modules-2/files-2.1/net.minidev/accessors-smart/1.2/c592b500269bfde36096641b01238a8350f8aa31/accessors-smart-1.2.jar:/Users/thduser/.gradle/caches/modules-2/files-2.1/ch.qos.logback/logback-core/1.2.3/864344400c3d4d92dfeb0a305dc87d953677c03c/logback-core-1.2.3.jar:/Users/thduser/.gradle/caches/modules-2/files-2.1/org.apache.logging.log4j/log4j-api/2.10.0/fec5797a55b786184a537abd39c3fa1449d752d6/log4j-api-2.10.0.jar:/Users/thduser/.gradle/caches/modules-2/files-2.1/org.ow2.asm/asm/5.0.4/da08b8cce7bbf903602a25a3a163ae252435795/asm-5.0.4.jar:/Users/thduser/.gradle/caches/modules-2/files-2.1/org.apache.httpcomponents/httpcore/4.4.9/a86ce739e5a7175b4b234c290a00a5fdb80957a0/httpcore-4.4.9.jar:/Users/thduser/.gradle/caches/modules-2/files-2.1/commons-codec/commons-codec/1.11/3acb4705652e16236558f0f4f2192cc33c3bd189/commons-codec-1.11.jar, java.vm.vendor=Oracle Corporation, sun.arch.data.model=64, user.variant=, java.vendor.url=http://java.oracle.com/, user.timezone=America/New_York, os.name=Mac OS X, java.vm.specification.version=9, user.country=US, sun.java.launcher=SUN_STANDARD, sun.boot.library.path=/Library/Java/JavaVirtualMachines/jdk-9.0.1.jdk/Contents/Home/lib, sun.java.command=worker.org.gradle.process.internal.worker.GradleWorkerMain 'Gradle Test Executor 3', jdk.debug=release, sun.cpu.endian=little, user.home=/Users/thduser, user.language=en, java.specification.vendor=Oracle Corporation, org.gradle.native=false, java.home=/Library/Java/JavaVirtualMachines/jdk-9.0.1.jdk/Contents/Home, file.separator=/, java.vm.compressedOopsMode=Zero based, line.separator=
, java.specification.name=Java Platform API Specification, java.vm.specification.vendor=Oracle Corporation, java.awt.graphicsenv=sun.awt.CGraphicsEnvironment, sun.management.compiler=HotSpot 64-Bit Tiered Compilers, java.runtime.version=9.0.1+11, user.name=thduser, path.separator=:, os.version=10.13.4, java.runtime.name=Java(TM) SE Runtime Environment, file.encoding=UTF-8, java.vm.name=Java HotSpot(TM) 64-Bit Server VM, java.vendor.url.bug=http://bugreport.java.com/bugreport/, java.io.tmpdir=/var/folders/gn/q4fv5v3n0fgdnkyy9gnm_6sh0000gn/T/, java.version=9.0.1, user.dir=/Users/thduser/ramworkspace/dock-doors, os.arch=x86_64, java.vm.specification.name=Java Virtual Machine Specification, java.awt.printerjob=sun.lwawt.macosx.CPrinterJob, sun.os.patch.level=unknown, java.library.path=/Users/thduser/Library/Java/Extensions:/Library/Java/Extensions:/Network/Library/Java/Extensions:/System/Library/Java/Extensions:/usr/lib/java:., java.vm.info=mixed mode, java.vendor=Oracle Corporation, java.vm.version=9.0.1+11, sun.io.unicode.encoding=UnicodeBig, java.class.version=53.0}}, SystemEnvironmentPropertySource@1296506879 {name='systemEnvironment', properties={PATH=/Users/Shared/Downloads/google-cloud-sdk/bin:/Users/thduser/.rbenv/shims:/usr/local/sbin:/Users/thduser/.rbenv/shims:/usr/local/sbin:/Users/thduser/.rbenv/shims:/Users/thduser/.rbenv/bin:/usr/local/bin:/usr/bin:/bin:/usr/sbin:/sbin:/usr/local/share/dotnet:/Library/Frameworks/Mono.framework/Versions/Current/Commands, HISTCONTROL=ignorespace:erasedups, GREP_COLOR=1;33, HISTSIZE=5000, JAVA_HOME=/Library/Java/JavaVirtualMachines/jdk-9.0.1.jdk/Contents/Home, JAVA_MAIN_CLASS_40261=worker.org.gradle.process.internal.worker.GradleWorkerMain, RBENV_SHELL=bash, TERM=xterm-256color, BASH_IT=/Users/thduser/.bash_it, IRC_CLIENT=irssi, APP_NAME_37626=Gradle, AUTOFEATURE=true autotest, BASH_IT_THEME=bobby, JAVA_MAIN_CLASS_37626=org.gradle.launcher.GradleMain, LOGNAME=thduser, XPC_SERVICE_NAME=0, PWD=/Users/thduser/ramworkspace/dock-doors-springboot, TODO=t, SHELL=/bin/bash, GIT_HOSTING=git@git.domain.com, LSCOLORS=Gxfxcxdxdxegedabagacad, APP_ICON_37626=/usr/local/Cellar/gradle/4.4.1/libexec/media/gradle.icns, SCM_CHECK=true, OLDPWD=/usr/local/Cellar/gradle/4.4.1/libexec, USER=thduser, TMPDIR=/var/folders/gn/q4fv5v3n0fgdnkyy9gnm_6sh0000gn/T/, SSH_AUTH_SOCK=/private/tmp/com.apple.launchd.i6IuL0cpwD/Listeners, XPC_FLAGS=0x0, __CF_USER_TEXT_ENCODING=0x1F5:0x0:0x0, JAVA_MAIN_CLASS_37638=org.gradle.launcher.daemon.bootstrap.GradleDaemon, Apple_PubSub_Socket_Render=/private/tmp/com.apple.launchd.uI9rHFnv44/Render, LC_CTYPE=en_US.UTF-8, HOME=/Users/thduser, SHLVL=1}}]
09:48:59.346 [Test worker] DEBUG org.springframework.test.context.support.TestPropertySourceUtils - Adding inlined properties to environment: {spring.jmx.enabled=false, org.springframework.boot.test.context.SpringBootTestContextBootstrapper=true, server.port=-1}
09:48:59.348 [Test worker] DEBUG org.springframework.core.env.StandardEnvironment - Adding PropertySource 'Inlined Test Properties' with highest search precedence

  .   ____          _            __ _ _
 /\\ / ___'_ __ _ _(_)_ __  __ _ \ \ \ \
( ( )\___ | '_ | '_| | '_ \/ _` | \ \ \ \
 \\/  ___)| |_)| | | | | || (_| |  ) ) ) )
  '  |____| .__|_| |_|_| |_\__, | / / / /
 =========|_|==============|___/=/_/_/_/
 :: Spring Boot ::        (v2.0.1.RELEASE)

2018-05-07 09:48:59.876  INFO 40261 --- [    Test worker] c.h.b.d.DockDoorsApplicationTests        : Starting DockDoorsApplicationTests on D25RT1DWGQ17IM with PID 40261 (started by thduser in /Users/thduser/ramworkspace/dock-doors)
2018-05-07 09:48:59.878  INFO 40261 --- [    Test worker] c.h.b.d.DockDoorsApplicationTests        : No active profile set, falling back to default profiles: default
2018-05-07 09:48:59.963  INFO 40261 --- [    Test worker] o.s.w.c.s.GenericWebApplicationContext   : Refreshing org.springframework.web.context.support.GenericWebApplicationContext@5a3f8ace: startup date [Mon May 07 09:48:59 EDT 2018]; root of context hierarchy
2018-05-07 09:49:01.862  INFO 40261 --- [    Test worker] o.s.w.s.handler.SimpleUrlHandlerMapping  : Mapped URL path [/**/favicon.ico] onto handler of type [class org.springframework.web.servlet.resource.ResourceHttpRequestHandler]
2018-05-07 09:49:02.146  INFO 40261 --- [    Test worker] s.w.s.m.m.a.RequestMappingHandlerAdapter : Looking for @ControllerAdvice: org.springframework.web.context.support.GenericWebApplicationContext@5a3f8ace: startup date [Mon May 07 09:48:59 EDT 2018]; root of context hierarchy
2018-05-07 09:49:02.217  INFO 40261 --- [    Test worker] s.w.s.m.m.a.RequestMappingHandlerMapping : Mapped "{[/getAllDoors],methods=[GET]}" onto public org.springframework.http.ResponseEntity<?> com.homedepot.bootcamp.dockdoors.rest.DoorController.getAllDoors()
2018-05-07 09:49:02.220  INFO 40261 --- [    Test worker] s.w.s.m.m.a.RequestMappingHandlerMapping : Mapped "{[/error]}" onto public org.springframework.http.ResponseEntity<java.util.Map<java.lang.String, java.lang.Object>> org.springframework.boot.autoconfigure.web.servlet.error.BasicErrorController.error(javax.servlet.http.HttpServletRequest)
2018-05-07 09:49:02.221  INFO 40261 --- [    Test worker] s.w.s.m.m.a.RequestMappingHandlerMapping : Mapped "{[/error],produces=[text/html]}" onto public org.springframework.web.servlet.ModelAndView org.springframework.boot.autoconfigure.web.servlet.error.BasicErrorController.errorHtml(javax.servlet.http.HttpServletRequest,javax.servlet.http.HttpServletResponse)
2018-05-07 09:49:02.250  INFO 40261 --- [    Test worker] o.s.w.s.handler.SimpleUrlHandlerMapping  : Mapped URL path [/webjars/**] onto handler of type [class org.springframework.web.servlet.resource.ResourceHttpRequestHandler]
2018-05-07 09:49:02.250  INFO 40261 --- [    Test worker] o.s.w.s.handler.SimpleUrlHandlerMapping  : Mapped URL path [/**] onto handler of type [class org.springframework.web.servlet.resource.ResourceHttpRequestHandler]
2018-05-07 09:49:02.433  INFO 40261 --- [    Test worker] c.h.b.d.DockDoorsApplicationTests        : Started DockDoorsApplicationTests in 3.071 seconds (JVM running for 4.59)
]]></system-out>
  <system-err><![CDATA[]]></system-err>
</testsuite>
